This is LuaTeX, Version 0.95.0 (TeX Live 2016)  (format=lualatex 2017.10.31)  10 DEC 2019 14:23
 restricted system commands enabled.
**main.tex
(/usr/local/texlive/2016/texmf-dist/tex/latex/tools/x.tex
LaTeX2e <2016/03/31>
Babel <3.9r> and hyphenation patterns for 1 language(s) loaded.

! .
l.38   \batchmode \errmessage{}
                             \csname @@end\endcsname \end
This error message was generated by an \errmessage
command, so I can't give any explicit help.
Pretend that you're Hercule Poirot: Examine all clues,
and deduce the truth by order and method.

)

Here is how much of LuaTeX's memory you used:
 9 strings out of 495119
 100000,89155 words of node,token memory allocated
 238 words of node memory still in use:
   2 glue, 32 glue_spec nodes
   avail lists: 2:12,3:1,4:1,5:1
 3672 multiletter control sequences out of 65536+600000
 14 fonts using 591559 bytes
 5i,0n,1p,87b,15s stack positions out of 5000i,500n,10000p,200000b,100000s

warning  (pdf backend): no pages of output.

PDF statistics: 0 PDF objects out of 1000 (max. 8388607)
 0 named destinations out of 1000 (max. 131072)
 1 words of extra memory for PDF output out of 10000 (max. 10000000)

